<?xml version="1.0" encoding="UTF-8"?>
<!-- Generated by org.testng.reporters.JUnitXMLReporter -->
<testsuite hostname="DESKTOP-S1PH1A1" ignored="0" name="Browser Test" tests="4" failures="0" timestamp="10 Jan 2019 11:18:05 GMT" time="8.126" errors="0">
  <testcase name="testAarraya" time="0.007" classname="regressionSuite.TestAsserts"/>
  <testcase name="testString" time="0.001" classname="regressionSuite.TestAsserts"/>
  <testcase name="testSum" time="0.001" classname="regressionSuite.TestAsserts"/>
  <testcase name="openingWebsite" time="2.267" classname="regressionSuite.TestNG_TestClass1"/>
</testsuite> <!-- Browser Test -->
