<?xml version="1.0" encoding="UTF-8"?>
<!-- Generated by org.testng.reporters.JUnitXMLReporter -->
<testsuite hostname="DESKTOP-S1PH1A1" ignored="2" name="GroupDemo" tests="3" failures="0" timestamp="10 Jan 2019 14:18:22 GMT" time="7.297" errors="0">
  <testcase name="allCars" time="0.004" classname="groupingTestNG.TestNg_Grouping"/>
  <testcase name="autoTrade" time="3.579" classname="groupingTestNG.TestNg_Grouping"/>
  <testcase name="ebay" time="2.944" classname="groupingTestNG.TestNg_Grouping"/>
  <testcase name="facebook" time="0.0" classname="groupingTestNG.TestNg_Grouping">
    <ignored/>
  </testcase> <!-- facebook -->
  <testcase name="TV" time="0.0" classname="groupingTestNG.TestNg_Grouping">
    <ignored/>
  </testcase> <!-- TV -->
</testsuite> <!-- GroupDemo -->
