<?xml version="1.0" encoding="UTF-8"?>
<!-- Generated by org.testng.reporters.JUnitXMLReporter -->
<testsuite hostname="DESKTOP-S1PH1A1" ignored="2" name="Group-Demo" tests="1" failures="1" timestamp="10 Jan 2019 12:56:23 GMT" time="0.042" errors="0">
  <testcase name="facebook" time="0.014" classname="groupingTestNG.TestNg_Grouping">
    <failure type="java.lang.NullPointerException">
      <![CDATA[java.lang.NullPointerException
at groupingTestNG.TestNg_Grouping.facebook(TestNg_Grouping.java:28)
... Removed 25 stack frames]]>
    </failure>
  </testcase> <!-- facebook -->
  <testcase name="autoTrade" time="0.0" classname="groupingTestNG.TestNg_Grouping">
    <ignored/>
  </testcase> <!-- autoTrade -->
  <testcase name="ebay" time="0.0" classname="groupingTestNG.TestNg_Grouping">
    <ignored/>
  </testcase> <!-- ebay -->
</testsuite> <!-- Group-Demo -->
