<?xml version="1.0" encoding="UTF-8"?>
<!-- Generated by org.testng.reporters.JUnitXMLReporter -->
<testsuite hostname="DESKTOP-S1PH1A1" ignored="0" name="Test1" tests="3" failures="1" timestamp="14 Jan 2019 12:10:49 GMT" time="11.132" errors="0">
  <testcase name="testMethod1" time="0.235" classname="testParameters.TestNg_Parameters"/>
  <testcase name="search" time="3.583" classname="testParameters.TestNg_Parameters"/>
  <testcase name="stringToInteger" time="0.001" classname="testParameters.TestNg_Parameters">
    <failure type="java.lang.NumberFormatException" message="For input string: &amp;quot;342,678&amp;quot;">
      <![CDATA[java.lang.NumberFormatException: For input string: "342,678"
at java.lang.NumberFormatException.forInputString(Unknown Source)
at java.lang.Integer.parseInt(Unknown Source)
at java.lang.Integer.parseInt(Unknown Source)
at testParameters.TestNg_Parameters.stringToInteger(TestNg_Parameters.java:41)
... Removed 25 stack frames]]>
    </failure>
  </testcase> <!-- stringToInteger -->
</testsuite> <!-- Test1 -->
