<?xml version="1.0" encoding="UTF-8"?>
<!-- Generated by org.testng.reporters.JUnitXMLReporter -->
<testsuite hostname="DESKTOP-S1PH1A1" ignored="0" name="Test1" tests="3" failures="0" timestamp="14 Jan 2019 12:55:26 GMT" time="22.915" errors="0">
  <testcase name="ebay" time="6.345" classname="parallelTest.ParallelTest1"/>
  <testcase name="search" time="7.011" classname="parallelTest.ParallelTest1"/>
  <testcase name="stringToInteger" time="0.001" classname="parallelTest.ParallelTest1"/>
</testsuite> <!-- Test1 -->
