<?xml version="1.0" encoding="UTF-8"?>
<testng-results skipped="0" failed="0" total="1" passed="1">
  <reporter-output>
  </reporter-output>
  <suite name="Default suite" duration-ms="6654" started-at="2018-10-31T09:54:05Z" finished-at="2018-10-31T09:54:12Z">
    <groups>
    </groups>
    <test name="Default test" duration-ms="6654" started-at="2018-10-31T09:54:05Z" finished-at="2018-10-31T09:54:12Z">
      <class name="TestingFrameWork.BuildingFrameWork.HomePage">
        <test-method status="PASS" signature="loginPage(java.lang.String, java.lang.String)[pri:0, instance:TestingFrameWork.BuildingFrameWork.HomePage@2ef5e5e3]" name="loginPage" duration-ms="6636" started-at="2018-10-31T09:54:05Z" data-provider="LoginDetails" finished-at="2018-10-31T09:54:12Z">
          <params>
            <param index="0">
              <value>
                <![CDATA[aaminah@hotmail.com]]>
              </value>
            </param>
            <param index="1">
              <value>
                <![CDATA[123410!]]>
              </value>
            </param>
          </params>
          <reporter-output>
          </reporter-output>
        </test-method> <!-- loginPage -->
      </class> <!-- TestingFrameWork.BuildingFrameWork.HomePage -->
    </test> <!-- Default test -->
  </suite> <!-- Default suite -->
</testng-results>
