<?xml version="1.0" encoding="UTF-8"?>
<!-- Generated by org.testng.reporters.JUnitXMLReporter -->
<testsuite hostname="DESKTOP-S1PH1A1" ignored="0" name="Application Test2" tests="2" failures="1" timestamp="17 Jan 2019 12:03:58 GMT" time="0.01" errors="0">
  <testcase name="add" time="0.001" classname="ListenersTestMethod.Listener_Test_Method"/>
  <testcase name="div" time="0.001" classname="ListenersTestMethod.Listener_Test_Method">
    <failure type="java.lang.ArithmeticException" message="/ by zero">
      <![CDATA[java.lang.ArithmeticException: / by zero
at ListenersTestMethod.Listener_Test_Method.div(Listener_Test_Method.java:31)
... Removed 25 stack frames]]>
    </failure>
  </testcase> <!-- div -->
</testsuite> <!-- Application Test2 -->
