<?xml version="1.0" encoding="UTF-8"?>
<!-- Generated by org.testng.reporters.JUnitXMLReporter -->
<testsuite hostname="DESKTOP-S1PH1A1" ignored="0" name="Car Loan" tests="8" failures="1" timestamp="29 Sep 2018 10:33:17 GMT" time="0.046" errors="0">
  <testcase name="LoginAPIcarLoan" time="0.005" classname="test.Basic3"/>
  <testcase name="MobileLogincarLoan" time="0.002" classname="test.Basic3"/>
  <testcase name="MobilecovercarLoan" time="0.005" classname="test.Basic3">
    <failure type="java.lang.AssertionError" message="expected [true] but found [false]">
      <![CDATA[java.lang.AssertionError: expected [true] but found [false]
at test.Basic3.MobilecovercarLoan(Basic3.java:62)
at java.util.concurrent.FutureTask.run(Unknown Source)
at java.util.concurrent.ThreadPoolExecutor.runWorker(Unknown Source)
at java.util.concurrent.ThreadPoolExecutor$Worker.run(Unknown Source)
at java.lang.Thread.run(Unknown Source)
... Removed 20 stack frames]]>
    </failure>
  </testcase> <!-- MobilecovercarLoan -->
  <testcase name="MobilesingnincarLoan" time="0.001" classname="test.Basic3"/>
  <testcase name="MobileupdatecarLoan" time="0.001" classname="test.Basic3"/>
  <testcase name="MobileupdatecarLoan" time="0.001" classname="test.Basic3"/>
  <testcase name="MobileupdatecarLoan" time="0.001" classname="test.Basic3"/>
  <testcase name="WEbloginCarLoan" time="0.001" classname="test.Basic3"/>
</testsuite> <!-- Car Loan -->
