<?xml version="1.0" encoding="UTF-8"?>
<!-- Generated by org.testng.reporters.JUnitXMLReporter -->
<testsuite hostname="DESKTOP-S1PH1A1" ignored="1" name="Personal Loan" tests="5" failures="0" timestamp="29 Sep 2018 10:33:17 GMT" time="0.038" errors="0">
  <testcase name="allloanpaid" time="0.006" classname="test.Basic1"/>
  <testcase name="secondloaninstrulment" time="0.001" classname="test.Basic1"/>
  <testcase name="LoginAPIHomeLoan" time="0.001" classname="test.Basic4"/>
  <testcase name="MobileLoginHomeLoan" time="0.001" classname="test.Basic4"/>
  <testcase name="WEbloginHomeLoan" time="0.001" classname="test.Basic4"/>
  <testcase name="Firstloan" time="0.0" classname="test.Basic1">
    <ignored/>
  </testcase> <!-- Firstloan -->
</testsuite> <!-- Personal Loan -->
