<?xml version="1.0" encoding="UTF-8"?>
<!-- Generated by org.testng.reporters.JUnitXMLReporter -->
<testsuite hostname="DESKTOP-S1PH1A1" ignored="0" name="Regression" tests="2" failures="1" timestamp="09 Oct 2018 16:43:18 GMT" time="0.036" errors="0">
  <testcase name="AFloandemo" time="0.01" classname="test.Basic5">
    <failure type="java.lang.AssertionError" message="expected [true] but found [false]">
      <![CDATA[java.lang.AssertionError: expected [true] but found [false]
at test.Basic5.AFloandemo(Basic5.java:16)
... Removed 29 stack frames]]>
    </failure>
  </testcase> <!-- AFloandemo -->
  <testcase name="demoloan" time="0.002" classname="test.Basic5"/>
</testsuite> <!-- Regression -->
