<?xml version="1.0" encoding="UTF-8"?>
<!-- Generated by org.testng.reporters.JUnitXMLReporter -->
<testsuite hostname="DESKTOP-S1PH1A1" ignored="4" name=" Browsertest" tests="1" failures="0" timestamp="10 Jan 2019 13:57:41 GMT" time="3.715" errors="0">
  <testcase name="openBrowser" time="3.697" classname="grouping.GroupingExe1"/>
  <testcase name="currentUrl" time="0.0" classname="grouping.GroupingExe1">
    <ignored/>
  </testcase> <!-- currentUrl -->
  <testcase name="submit" time="0.0" classname="grouping.GroupingExe1">
    <ignored/>
  </testcase> <!-- submit -->
  <testcase name="siginButton" time="0.0" classname="grouping.GroupingExe1">
    <ignored/>
  </testcase> <!-- siginButton -->
  <testcase name="emailInfo" time="0.0" classname="grouping.GroupingExe1">
    <ignored/>
  </testcase> <!-- emailInfo -->
</testsuite> <!--  Browsertest -->
