<?xml version="1.0" encoding="UTF-8"?>
<!-- Generated by org.testng.reporters.JUnitXMLReporter -->
<testsuite hostname="DESKTOP-S1PH1A1" ignored="0" name="Testbrowser" tests="5" failures="0" timestamp="06 Jan 2019 12:23:34 GMT" time="27.47" errors="0">
  <testcase name="openBrowser" time="2.964" classname="parallelExcuteMultipleTest.ParallelTestExe2"/>
  <testcase name="currentUrl" time="20.297" classname="parallelExcuteMultipleTest.ParallelTestExe2"/>
  <testcase name="siginButton" time="0.813" classname="parallelExcuteMultipleTest.ParallelTestExe2"/>
  <testcase name="emailInfo" time="0.373" classname="parallelExcuteMultipleTest.ParallelTestExe2"/>
  <testcase name="submit" time="0.926" classname="parallelExcuteMultipleTest.ParallelTestExe2"/>
</testsuite> <!-- Testbrowser -->
