<?xml version="1.0" encoding="UTF-8"?>
<!-- Generated by org.testng.reporters.JUnitXMLReporter -->
<testsuite hostname="DESKTOP-S1PH1A1" ignored="0" name="Test 1" tests="4" failures="0" timestamp="11 Jan 2019 10:24:55 GMT" time="0.037" errors="0">
  <testcase name="multiply" time="0.009" classname="preserveOrderExecution.PreserveOrder2"/>
  <testcase name="add" time="0.001" classname="preserveOrderExecution.PreserverOrder1"/>
  <testcase name="sub" time="0.001" classname="preserveOrderExecution.PreserverOrder1"/>
  <testcase name="divide" time="0.002" classname="preserveOrderExecution.PreserveOrder2"/>
</testsuite> <!-- Test 1 -->
