<?xml version="1.0" encoding="UTF-8"?>
<!-- Generated by org.testng.reporters.JUnitXMLReporter -->
<testsuite hostname="DESKTOP-S1PH1A1" ignored="2" name=" details" tests="2" failures="0" timestamp="10 Jan 2019 13:58:27 GMT" time="0.031" errors="0">
  <testcase name="getsum" time="0.008" classname="testNg1.test1"/>
  <testcase name="Test" time="0.001" classname="testNg1.Basic"/>
  <testcase name="Method1test" time="0.0" classname="testNg1.TestingTestNG">
    <ignored/>
  </testcase> <!-- Method1test -->
  <testcase name="takeaway" time="0.0" classname="testNg1.test1">
    <ignored/>
  </testcase> <!-- takeaway -->
</testsuite> <!--  details -->
