<?xml version="1.0" encoding="UTF-8"?>
<testng-results skipped="0" failed="0" ignored="2" total="4" passed="2">
  <reporter-output>
  </reporter-output>
  <suite name="Text" duration-ms="31" started-at="2019-01-10T13:58:27Z" finished-at="2019-01-10T13:58:27Z">
    <groups>
      <group name="minus">
        <method signature="test1.getsum()[pri:0, instance:testNg1.test1@59e5ddf]" name="getsum" class="testNg1.test1"/>
      </group> <!-- minus -->
      <group name="total">
        <method signature="test1.getsum()[pri:0, instance:testNg1.test1@59e5ddf]" name="getsum" class="testNg1.test1"/>
      </group> <!-- total -->
      <group name="testing">
        <method signature="Basic.Test()[pri:0, instance:testNg1.Basic@1f57539]" name="Test" class="testNg1.Basic"/>
      </group> <!-- testing -->
    </groups>
    <test name=" details" duration-ms="31" started-at="2019-01-10T13:58:27Z" finished-at="2019-01-10T13:58:27Z">
      <class name="testNg1.test1">
        <test-method status="PASS" signature="getsum()[pri:0, instance:testNg1.test1@59e5ddf]" name="getsum" duration-ms="8" started-at="2019-01-10T13:58:27Z" finished-at="2019-01-10T13:58:27Z">
          <reporter-output>
          </reporter-output>
        </test-method> <!-- getsum -->
      </class> <!-- testNg1.test1 -->
      <class name="testNg1.Basic">
        <test-method status="PASS" signature="Test()[pri:0, instance:testNg1.Basic@1f57539]" name="Test" duration-ms="1" started-at="2019-01-10T13:58:27Z" finished-at="2019-01-10T13:58:27Z">
          <reporter-output>
          </reporter-output>
        </test-method> <!-- Test -->
      </class> <!-- testNg1.Basic -->
    </test> <!--  details -->
  </suite> <!-- Text -->
</testng-results>
